2025-09-01 07:35:18,724 - main - ERROR - [VALIDATION_ERROR] Validation failed | CID: 95110f3e46624311987bfda698529e2a | Path: http://100.64.143.61:8000/render | Errors: [{'type': 'value_error', 'loc': ('body', 'text'), 'msg': 'Value error, テキストが空です', 'input': '', 'ctx': {'error': ValueError('テキストが空です')}}] | Body: {"text":"","font_size":20}
2025-09-01 07:35:18,724 - main - ERROR - [INTERNAL_ERROR] Unhandled exception | CID: b2b696464a474ed8b7b74f60dd8337a2 | Path: http://100.64.143.61:8000/render
Traceback (most recent call last):
  File "/usr/local/lib/python3.10/dist-packages/starlette/_exception_handler.py", line 42, in wrapped_app
    await app(scope, receive, sender)
  File "/usr/local/lib/python3.10/dist-packages/starlette/routing.py", line 75, in app
    response = await f(request)
  File "/usr/local/lib/python3.10/dist-packages/fastapi/routing.py", line 347, in app
    raise validation_error
fastapi.exceptions.RequestValidationError: [{'type': 'value_error', 'loc': ('body', 'text'), 'msg': 'Value error, テキストが空です', 'input': '', 'ctx': {'error': ValueError('テキストが空です')}}]

During handling of the above exception, another exception occurred:

Traceback (most recent call last):
  File "/usr/local/lib/python3.10/dist-packages/starlette/middleware/errors.py", line 164, in __call__
    await self.app(scope, receive, _send)
  File "/usr/local/lib/python3.10/dist-packages/starlette/middleware/exceptions.py", line 63, in __call__
    await wrap_app_handling_exceptions(self.app, conn)(scope, receive, send)
  File "/usr/local/lib/python3.10/dist-packages/starlette/_exception_handler.py", line 53, in wrapped_app
    raise exc
  File "/usr/local/lib/python3.10/dist-packages/starlette/_exception_handler.py", line 42, in wrapped_app
    await app(scope, receive, sender)
  File "/usr/local/lib/python3.10/dist-packages/starlette/routing.py", line 716, in __call__
    await self.middleware_stack(scope, receive, send)
  File "/usr/local/lib/python3.10/dist-packages/starlette/routing.py", line 736, in app
    await route.handle(scope, receive, send)
  File "/usr/local/lib/python3.10/dist-packages/starlette/routing.py", line 290, in handle
    await self.app(scope, receive, send)
  File "/usr/local/lib/python3.10/dist-packages/starlette/routing.py", line 78, in app
    await wrap_app_handling_exceptions(app, request)(scope, receive, send)
  File "/usr/local/lib/python3.10/dist-packages/starlette/_exception_handler.py", line 59, in wrapped_app
    response = await handler(conn, exc)
  File "/app/main.py", line 184, in validation_exception_handler
    return JSONResponse(
  File "/usr/local/lib/python3.10/dist-packages/starlette/responses.py", line 190, in __init__
    super().__init__(content, status_code, headers, media_type, background)
  File "/usr/local/lib/python3.10/dist-packages/starlette/responses.py", line 47, in __init__
    self.body = self.render(content)
  File "/usr/local/lib/python3.10/dist-packages/starlette/responses.py", line 193, in render
    return json.dumps(
  File "/usr/lib/python3.10/json/__init__.py", line 238, in dumps
    **kw).encode(obj)
  File "/usr/lib/python3.10/json/encoder.py", line 199, in encode
    chunks = self.iterencode(o, _one_shot=True)
  File "/usr/lib/python3.10/json/encoder.py", line 257, in iterencode
    return _iterencode(o, 0)
  File "/usr/lib/python3.10/json/encoder.py", line 179, in default
    raise TypeError(f'Object of type {o.__class__.__name__} '
TypeError: Object of type ValueError is not JSON serializable
2025-09-01 07:35:36,671 - main - ERROR - [UNAUTHORIZED] Unauthorized | CID: 30a902a718c3477093e5b4aa29a2a962 | Path: http://100.64.143.61:8000/render | Status: 401 | Detail: Unauthorized
2025-09-01 07:37:51,384 - main - ERROR - [NOT_FOUND] Not Found | CID: 1217f52bf6524e69a34d12d126abcdca | Path: http://localhost:8000/favicon.ico | Status: 404 | Detail: Not Found
2025-09-01 07:38:46,569 - main - ERROR - [VALIDATION_ERROR] Validation failed | CID: 02dba528563b45d599641ce7f6c5580a | Path: http://100.64.143.61:8000/render | Errors: [{'type': 'value_error', 'loc': ('body', 'text'), 'msg': 'Value error, テキストが空です', 'input': '', 'ctx': {'error': ValueError('テキストが空です')}}] | Body: {"text":"","font_size":20}
2025-09-01 07:38:46,570 - main - ERROR - [INTERNAL_ERROR] Unhandled exception | CID: a9de9936358c4a5eb96772ac69afb7e9 | Path: http://100.64.143.61:8000/render
Traceback (most recent call last):
  File "/usr/local/lib/python3.10/dist-packages/starlette/_exception_handler.py", line 42, in wrapped_app
    await app(scope, receive, sender)
  File "/usr/local/lib/python3.10/dist-packages/starlette/routing.py", line 75, in app
    response = await f(request)
  File "/usr/local/lib/python3.10/dist-packages/fastapi/routing.py", line 347, in app
    raise validation_error
fastapi.exceptions.RequestValidationError: [{'type': 'value_error', 'loc': ('body', 'text'), 'msg': 'Value error, テキストが空です', 'input': '', 'ctx': {'error': ValueError('テキストが空です')}}]

During handling of the above exception, another exception occurred:

Traceback (most recent call last):
  File "/usr/local/lib/python3.10/dist-packages/starlette/middleware/errors.py", line 164, in __call__
    await self.app(scope, receive, _send)
  File "/usr/local/lib/python3.10/dist-packages/starlette/middleware/exceptions.py", line 63, in __call__
    await wrap_app_handling_exceptions(self.app, conn)(scope, receive, send)
  File "/usr/local/lib/python3.10/dist-packages/starlette/_exception_handler.py", line 53, in wrapped_app
    raise exc
  File "/usr/local/lib/python3.10/dist-packages/starlette/_exception_handler.py", line 42, in wrapped_app
    await app(scope, receive, sender)
  File "/usr/local/lib/python3.10/dist-packages/starlette/routing.py", line 716, in __call__
    await self.middleware_stack(scope, receive, send)
  File "/usr/local/lib/python3.10/dist-packages/starlette/routing.py", line 736, in app
    await route.handle(scope, receive, send)
  File "/usr/local/lib/python3.10/dist-packages/starlette/routing.py", line 290, in handle
    await self.app(scope, receive, send)
  File "/usr/local/lib/python3.10/dist-packages/starlette/routing.py", line 78, in app
    await wrap_app_handling_exceptions(app, request)(scope, receive, send)
  File "/usr/local/lib/python3.10/dist-packages/starlette/_exception_handler.py", line 59, in wrapped_app
    response = await handler(conn, exc)
  File "/app/main.py", line 184, in validation_exception_handler
    return JSONResponse(
  File "/usr/local/lib/python3.10/dist-packages/starlette/responses.py", line 190, in __init__
    super().__init__(content, status_code, headers, media_type, background)
  File "/usr/local/lib/python3.10/dist-packages/starlette/responses.py", line 47, in __init__
    self.body = self.render(content)
  File "/usr/local/lib/python3.10/dist-packages/starlette/responses.py", line 193, in render
    return json.dumps(
  File "/usr/lib/python3.10/json/__init__.py", line 238, in dumps
    **kw).encode(obj)
  File "/usr/lib/python3.10/json/encoder.py", line 199, in encode
    chunks = self.iterencode(o, _one_shot=True)
  File "/usr/lib/python3.10/json/encoder.py", line 257, in iterencode
    return _iterencode(o, 0)
  File "/usr/lib/python3.10/json/encoder.py", line 179, in default
    raise TypeError(f'Object of type {o.__class__.__name__} '
TypeError: Object of type ValueError is not JSON serializable
2025-09-01 07:40:33,102 - main - ERROR - [VALIDATION_ERROR] Validation failed | CID: 8355d85cf8c6431cae0bd4381e775500 | Path: http://100.64.143.61:8000/render | Errors: [{'type': 'value_error', 'loc': ('body', 'text'), 'msg': 'Value error, テキストが空です', 'input': '', 'ctx': {'error': ValueError('テキストが空です')}}] | Body: {"text":"","font_size":20}
2025-09-01 07:40:43,887 - main - ERROR - [UNAUTHORIZED] Unauthorized | CID: 45599eae29e24b37bb04f21bf13b8665 | Path: http://100.64.143.61:8000/render | Status: 401 | Detail: Unauthorized
2025-09-01 08:50:43,648 - main - ERROR - [PLAYWRIGHT_ERROR] Playwright conversion failed: BrowserType.launch: Target page, context or browser has been closed
Browser logs:

<launching> /ms-playwright/chromium_headless_shell-1187/chrome-linux/headless_shell --disable-field-trial-config --disable-background-networking --disable-background-timer-throttling --disable-backgrounding-occluded-windows --disable-back-forward-cache --disable-breakpad --disable-client-side-phishing-detection --disable-component-extensions-with-background-pages --disable-component-update --no-default-browser-check --disable-default-apps --disable-dev-shm-usage --disable-extensions --disable-features=AcceptCHFrame,AvoidUnnecessaryBeforeUnloadCheckSync,DestroyProfileOnBrowserClose,DialMediaRouteProvider,GlobalMediaControls,HttpsUpgrades,LensOverlay,MediaRouter,PaintHolding,ThirdPartyStoragePartitioning,Translate,AutoDeElevate --allow-pre-commit-input --disable-hang-monitor --disable-ipc-flooding-protection --disable-popup-blocking --disable-prompt-on-repost --disable-renderer-backgrounding --force-color-profile=srgb --metrics-recording-only --no-first-run --password-store=basic --use-mock-keychain --no-service-autorun --export-tagged-pdf --disable-search-engine-choice-screen --unsafely-disable-devtools-self-xss-warnings --edge-skip-compat-layer-relaunch --enable-automation --headless --hide-scrollbars --mute-audio --blink-settings=primaryHoverType=2,availableHoverTypes=2,primaryPointerType=4,availablePointerTypes=4 --no-sandbox --no-sandbox --disable-setuid-sandbox --font-render-hinting=none --disable-font-subpixel-positioning --user-data-dir=/tmp/playwright_chromiumdev_profile-cBu8sZ --remote-debugging-pipe --no-startup-window
<launched> pid=1493
[pid=1493][err] [0901/085043.314196:ERROR:dbus/bus.cc:408] Failed to connect to the bus: Failed to connect to socket /run/dbus/system_bus_socket: No such file or directory
[pid=1493][err] [0901/085043.316571:ERROR:dbus/bus.cc:408] Failed to connect to the bus: Failed to connect to socket /run/dbus/system_bus_socket: No such file or directory
[pid=1493][err] [0901/085043.316652:ERROR:dbus/bus.cc:408] Failed to connect to the bus: Failed to connect to socket /run/dbus/system_bus_socket: No such file or directory
Call log:
  - <launching> /ms-playwright/chromium_headless_shell-1187/chrome-linux/headless_shell --disable-field-trial-config --disable-background-networking --disable-background-timer-throttling --disable-backgrounding-occluded-windows --disable-back-forward-cache --disable-breakpad --disable-client-side-phishing-detection --disable-component-extensions-with-background-pages --disable-component-update --no-default-browser-check --disable-default-apps --disable-dev-shm-usage --disable-extensions --disable-features=AcceptCHFrame,AvoidUnnecessaryBeforeUnloadCheckSync,DestroyProfileOnBrowserClose,DialMediaRouteProvider,GlobalMediaControls,HttpsUpgrades,LensOverlay,MediaRouter,PaintHolding,ThirdPartyStoragePartitioning,Translate,AutoDeElevate --allow-pre-commit-input --disable-hang-monitor --disable-ipc-flooding-protection --disable-popup-blocking --disable-prompt-on-repost --disable-renderer-backgrounding --force-color-profile=srgb --metrics-recording-only --no-first-run --password-store=basic --use-mock-keychain --no-service-autorun --export-tagged-pdf --disable-search-engine-choice-screen --unsafely-disable-devtools-self-xss-warnings --edge-skip-compat-layer-relaunch --enable-automation --headless --hide-scrollbars --mute-audio --blink-settings=primaryHoverType=2,availableHoverTypes=2,primaryPointerType=4,availablePointerTypes=4 --no-sandbox --no-sandbox --disable-setuid-sandbox --font-render-hinting=none --disable-font-subpixel-positioning --user-data-dir=/tmp/playwright_chromiumdev_profile-cBu8sZ --remote-debugging-pipe --no-startup-window
  - <launched> pid=1493
  - [pid=1493][err] [0901/085043.314196:ERROR:dbus/bus.cc:408] Failed to connect to the bus: Failed to connect to socket /run/dbus/system_bus_socket: No such file or directory
  - [pid=1493][err] [0901/085043.316571:ERROR:dbus/bus.cc:408] Failed to connect to the bus: Failed to connect to socket /run/dbus/system_bus_socket: No such file or directory
  - [pid=1493][err] [0901/085043.316652:ERROR:dbus/bus.cc:408] Failed to connect to the bus: Failed to connect to socket /run/dbus/system_bus_socket: No such file or directory
  - [pid=1493] <gracefully close start>
  - [pid=1493] <kill>
  - [pid=1493] <will force kill>
  - [pid=1493] <process did exit: exitCode=null, signal=SIGSEGV>
  - [pid=1493] starting temporary directories cleanup
  - [pid=1493] finished temporary directories cleanup
  - [pid=1493] <gracefully close end>
 | Error type: TargetClosedError | HTML content length: 12201024 | Browser args: --no-sandbox,--disable-setuid-sandbox,--font-render-hinting=none,--disable-font-subpixel-positioning
Traceback (most recent call last):
  File "/app/main.py", line 684, in convert_with_playwright
    browser = await p.chromium.launch(
  File "/usr/local/lib/python3.10/dist-packages/playwright/async_api/_generated.py", line 14465, in launch
    await self._impl_obj.launch(
  File "/usr/local/lib/python3.10/dist-packages/playwright/_impl/_browser_type.py", line 98, in launch
    await self._channel.send(
  File "/usr/local/lib/python3.10/dist-packages/playwright/_impl/_connection.py", line 69, in send
    return await self._connection.wrap_api_call(
  File "/usr/local/lib/python3.10/dist-packages/playwright/_impl/_connection.py", line 558, in wrap_api_call
    raise rewrite_error(error, f"{parsed_st['apiName']}: {error}") from None
playwright._impl._errors.TargetClosedError: BrowserType.launch: Target page, context or browser has been closed
Browser logs:

<launching> /ms-playwright/chromium_headless_shell-1187/chrome-linux/headless_shell --disable-field-trial-config --disable-background-networking --disable-background-timer-throttling --disable-backgrounding-occluded-windows --disable-back-forward-cache --disable-breakpad --disable-client-side-phishing-detection --disable-component-extensions-with-background-pages --disable-component-update --no-default-browser-check --disable-default-apps --disable-dev-shm-usage --disable-extensions --disable-features=AcceptCHFrame,AvoidUnnecessaryBeforeUnloadCheckSync,DestroyProfileOnBrowserClose,DialMediaRouteProvider,GlobalMediaControls,HttpsUpgrades,LensOverlay,MediaRouter,PaintHolding,ThirdPartyStoragePartitioning,Translate,AutoDeElevate --allow-pre-commit-input --disable-hang-monitor --disable-ipc-flooding-protection --disable-popup-blocking --disable-prompt-on-repost --disable-renderer-backgrounding --force-color-profile=srgb --metrics-recording-only --no-first-run --password-store=basic --use-mock-keychain --no-service-autorun --export-tagged-pdf --disable-search-engine-choice-screen --unsafely-disable-devtools-self-xss-warnings --edge-skip-compat-layer-relaunch --enable-automation --headless --hide-scrollbars --mute-audio --blink-settings=primaryHoverType=2,availableHoverTypes=2,primaryPointerType=4,availablePointerTypes=4 --no-sandbox --no-sandbox --disable-setuid-sandbox --font-render-hinting=none --disable-font-subpixel-positioning --user-data-dir=/tmp/playwright_chromiumdev_profile-cBu8sZ --remote-debugging-pipe --no-startup-window
<launched> pid=1493
[pid=1493][err] [0901/085043.314196:ERROR:dbus/bus.cc:408] Failed to connect to the bus: Failed to connect to socket /run/dbus/system_bus_socket: No such file or directory
[pid=1493][err] [0901/085043.316571:ERROR:dbus/bus.cc:408] Failed to connect to the bus: Failed to connect to socket /run/dbus/system_bus_socket: No such file or directory
[pid=1493][err] [0901/085043.316652:ERROR:dbus/bus.cc:408] Failed to connect to the bus: Failed to connect to socket /run/dbus/system_bus_socket: No such file or directory
Call log:
  - <launching> /ms-playwright/chromium_headless_shell-1187/chrome-linux/headless_shell --disable-field-trial-config --disable-background-networking --disable-background-timer-throttling --disable-backgrounding-occluded-windows --disable-back-forward-cache --disable-breakpad --disable-client-side-phishing-detection --disable-component-extensions-with-background-pages --disable-component-update --no-default-browser-check --disable-default-apps --disable-dev-shm-usage --disable-extensions --disable-features=AcceptCHFrame,AvoidUnnecessaryBeforeUnloadCheckSync,DestroyProfileOnBrowserClose,DialMediaRouteProvider,GlobalMediaControls,HttpsUpgrades,LensOverlay,MediaRouter,PaintHolding,ThirdPartyStoragePartitioning,Translate,AutoDeElevate --allow-pre-commit-input --disable-hang-monitor --disable-ipc-flooding-protection --disable-popup-blocking --disable-prompt-on-repost --disable-renderer-backgrounding --force-color-profile=srgb --metrics-recording-only --no-first-run --password-store=basic --use-mock-keychain --no-service-autorun --export-tagged-pdf --disable-search-engine-choice-screen --unsafely-disable-devtools-self-xss-warnings --edge-skip-compat-layer-relaunch --enable-automation --headless --hide-scrollbars --mute-audio --blink-settings=primaryHoverType=2,availableHoverTypes=2,primaryPointerType=4,availablePointerTypes=4 --no-sandbox --no-sandbox --disable-setuid-sandbox --font-render-hinting=none --disable-font-subpixel-positioning --user-data-dir=/tmp/playwright_chromiumdev_profile-cBu8sZ --remote-debugging-pipe --no-startup-window
  - <launched> pid=1493
  - [pid=1493][err] [0901/085043.314196:ERROR:dbus/bus.cc:408] Failed to connect to the bus: Failed to connect to socket /run/dbus/system_bus_socket: No such file or directory
  - [pid=1493][err] [0901/085043.316571:ERROR:dbus/bus.cc:408] Failed to connect to the bus: Failed to connect to socket /run/dbus/system_bus_socket: No such file or directory
  - [pid=1493][err] [0901/085043.316652:ERROR:dbus/bus.cc:408] Failed to connect to the bus: Failed to connect to socket /run/dbus/system_bus_socket: No such file or directory
  - [pid=1493] <gracefully close start>
  - [pid=1493] <kill>
  - [pid=1493] <will force kill>
  - [pid=1493] <process did exit: exitCode=null, signal=SIGSEGV>
  - [pid=1493] starting temporary directories cleanup
  - [pid=1493] finished temporary directories cleanup
  - [pid=1493] <gracefully close end>

2025-09-01 08:50:43,649 - main - ERROR - [RENDER_ERROR] Rendering failed: BrowserType.launch: Target page, context or browser has been closed
Browser logs:

<launching> /ms-playwright/chromium_headless_shell-1187/chrome-linux/headless_shell --disable-field-trial-config --disable-background-networking --disable-background-timer-throttling --disable-backgrounding-occluded-windows --disable-back-forward-cache --disable-breakpad --disable-client-side-phishing-detection --disable-component-extensions-with-background-pages --disable-component-update --no-default-browser-check --disable-default-apps --disable-dev-shm-usage --disable-extensions --disable-features=AcceptCHFrame,AvoidUnnecessaryBeforeUnloadCheckSync,DestroyProfileOnBrowserClose,DialMediaRouteProvider,GlobalMediaControls,HttpsUpgrades,LensOverlay,MediaRouter,PaintHolding,ThirdPartyStoragePartitioning,Translate,AutoDeElevate --allow-pre-commit-input --disable-hang-monitor --disable-ipc-flooding-protection --disable-popup-blocking --disable-prompt-on-repost --disable-renderer-backgrounding --force-color-profile=srgb --metrics-recording-only --no-first-run --password-store=basic --use-mock-keychain --no-service-autorun --export-tagged-pdf --disable-search-engine-choice-screen --unsafely-disable-devtools-self-xss-warnings --edge-skip-compat-layer-relaunch --enable-automation --headless --hide-scrollbars --mute-audio --blink-settings=primaryHoverType=2,availableHoverTypes=2,primaryPointerType=4,availablePointerTypes=4 --no-sandbox --no-sandbox --disable-setuid-sandbox --font-render-hinting=none --disable-font-subpixel-positioning --user-data-dir=/tmp/playwright_chromiumdev_profile-cBu8sZ --remote-debugging-pipe --no-startup-window
<launched> pid=1493
[pid=1493][err] [0901/085043.314196:ERROR:dbus/bus.cc:408] Failed to connect to the bus: Failed to connect to socket /run/dbus/system_bus_socket: No such file or directory
[pid=1493][err] [0901/085043.316571:ERROR:dbus/bus.cc:408] Failed to connect to the bus: Failed to connect to socket /run/dbus/system_bus_socket: No such file or directory
[pid=1493][err] [0901/085043.316652:ERROR:dbus/bus.cc:408] Failed to connect to the bus: Failed to connect to socket /run/dbus/system_bus_socket: No such file or directory
Call log:
  - <launching> /ms-playwright/chromium_headless_shell-1187/chrome-linux/headless_shell --disable-field-trial-config --disable-background-networking --disable-background-timer-throttling --disable-backgrounding-occluded-windows --disable-back-forward-cache --disable-breakpad --disable-client-side-phishing-detection --disable-component-extensions-with-background-pages --disable-component-update --no-default-browser-check --disable-default-apps --disable-dev-shm-usage --disable-extensions --disable-features=AcceptCHFrame,AvoidUnnecessaryBeforeUnloadCheckSync,DestroyProfileOnBrowserClose,DialMediaRouteProvider,GlobalMediaControls,HttpsUpgrades,LensOverlay,MediaRouter,PaintHolding,ThirdPartyStoragePartitioning,Translate,AutoDeElevate --allow-pre-commit-input --disable-hang-monitor --disable-ipc-flooding-protection --disable-popup-blocking --disable-prompt-on-repost --disable-renderer-backgrounding --force-color-profile=srgb --metrics-recording-only --no-first-run --password-store=basic --use-mock-keychain --no-service-autorun --export-tagged-pdf --disable-search-engine-choice-screen --unsafely-disable-devtools-self-xss-warnings --edge-skip-compat-layer-relaunch --enable-automation --headless --hide-scrollbars --mute-audio --blink-settings=primaryHoverType=2,availableHoverTypes=2,primaryPointerType=4,availablePointerTypes=4 --no-sandbox --no-sandbox --disable-setuid-sandbox --font-render-hinting=none --disable-font-subpixel-positioning --user-data-dir=/tmp/playwright_chromiumdev_profile-cBu8sZ --remote-debugging-pipe --no-startup-window
  - <launched> pid=1493
  - [pid=1493][err] [0901/085043.314196:ERROR:dbus/bus.cc:408] Failed to connect to the bus: Failed to connect to socket /run/dbus/system_bus_socket: No such file or directory
  - [pid=1493][err] [0901/085043.316571:ERROR:dbus/bus.cc:408] Failed to connect to the bus: Failed to connect to socket /run/dbus/system_bus_socket: No such file or directory
  - [pid=1493][err] [0901/085043.316652:ERROR:dbus/bus.cc:408] Failed to connect to the bus: Failed to connect to socket /run/dbus/system_bus_socket: No such file or directory
  - [pid=1493] <gracefully close start>
  - [pid=1493] <kill>
  - [pid=1493] <will force kill>
  - [pid=1493] <process did exit: exitCode=null, signal=SIGSEGV>
  - [pid=1493] starting temporary directories cleanup
  - [pid=1493] finished temporary directories cleanup
  - [pid=1493] <gracefully close end>
 | Error type: TargetClosedError | Request data - text_length: 34, font: None, font_size: 24, line_height: 1.6, letter_spacing: 0.0, padding: 12, use_tategaki_js: False, max_chars_per_line: 14 | Font path: None
Traceback (most recent call last):
  File "/app/main.py", line 810, in render_vertical_text
    ) = await converter.convert_with_playwright(html_content)
  File "/app/main.py", line 684, in convert_with_playwright
    browser = await p.chromium.launch(
  File "/usr/local/lib/python3.10/dist-packages/playwright/async_api/_generated.py", line 14465, in launch
    await self._impl_obj.launch(
  File "/usr/local/lib/python3.10/dist-packages/playwright/_impl/_browser_type.py", line 98, in launch
    await self._channel.send(
  File "/usr/local/lib/python3.10/dist-packages/playwright/_impl/_connection.py", line 69, in send
    return await self._connection.wrap_api_call(
  File "/usr/local/lib/python3.10/dist-packages/playwright/_impl/_connection.py", line 558, in wrap_api_call
    raise rewrite_error(error, f"{parsed_st['apiName']}: {error}") from None
playwright._impl._errors.TargetClosedError: BrowserType.launch: Target page, context or browser has been closed
Browser logs:

<launching> /ms-playwright/chromium_headless_shell-1187/chrome-linux/headless_shell --disable-field-trial-config --disable-background-networking --disable-background-timer-throttling --disable-backgrounding-occluded-windows --disable-back-forward-cache --disable-breakpad --disable-client-side-phishing-detection --disable-component-extensions-with-background-pages --disable-component-update --no-default-browser-check --disable-default-apps --disable-dev-shm-usage --disable-extensions --disable-features=AcceptCHFrame,AvoidUnnecessaryBeforeUnloadCheckSync,DestroyProfileOnBrowserClose,DialMediaRouteProvider,GlobalMediaControls,HttpsUpgrades,LensOverlay,MediaRouter,PaintHolding,ThirdPartyStoragePartitioning,Translate,AutoDeElevate --allow-pre-commit-input --disable-hang-monitor --disable-ipc-flooding-protection --disable-popup-blocking --disable-prompt-on-repost --disable-renderer-backgrounding --force-color-profile=srgb --metrics-recording-only --no-first-run --password-store=basic --use-mock-keychain --no-service-autorun --export-tagged-pdf --disable-search-engine-choice-screen --unsafely-disable-devtools-self-xss-warnings --edge-skip-compat-layer-relaunch --enable-automation --headless --hide-scrollbars --mute-audio --blink-settings=primaryHoverType=2,availableHoverTypes=2,primaryPointerType=4,availablePointerTypes=4 --no-sandbox --no-sandbox --disable-setuid-sandbox --font-render-hinting=none --disable-font-subpixel-positioning --user-data-dir=/tmp/playwright_chromiumdev_profile-cBu8sZ --remote-debugging-pipe --no-startup-window
<launched> pid=1493
[pid=1493][err] [0901/085043.314196:ERROR:dbus/bus.cc:408] Failed to connect to the bus: Failed to connect to socket /run/dbus/system_bus_socket: No such file or directory
[pid=1493][err] [0901/085043.316571:ERROR:dbus/bus.cc:408] Failed to connect to the bus: Failed to connect to socket /run/dbus/system_bus_socket: No such file or directory
[pid=1493][err] [0901/085043.316652:ERROR:dbus/bus.cc:408] Failed to connect to the bus: Failed to connect to socket /run/dbus/system_bus_socket: No such file or directory
Call log:
  - <launching> /ms-playwright/chromium_headless_shell-1187/chrome-linux/headless_shell --disable-field-trial-config --disable-background-networking --disable-background-timer-throttling --disable-backgrounding-occluded-windows --disable-back-forward-cache --disable-breakpad --disable-client-side-phishing-detection --disable-component-extensions-with-background-pages --disable-component-update --no-default-browser-check --disable-default-apps --disable-dev-shm-usage --disable-extensions --disable-features=AcceptCHFrame,AvoidUnnecessaryBeforeUnloadCheckSync,DestroyProfileOnBrowserClose,DialMediaRouteProvider,GlobalMediaControls,HttpsUpgrades,LensOverlay,MediaRouter,PaintHolding,ThirdPartyStoragePartitioning,Translate,AutoDeElevate --allow-pre-commit-input --disable-hang-monitor --disable-ipc-flooding-protection --disable-popup-blocking --disable-prompt-on-repost --disable-renderer-backgrounding --force-color-profile=srgb --metrics-recording-only --no-first-run --password-store=basic --use-mock-keychain --no-service-autorun --export-tagged-pdf --disable-search-engine-choice-screen --unsafely-disable-devtools-self-xss-warnings --edge-skip-compat-layer-relaunch --enable-automation --headless --hide-scrollbars --mute-audio --blink-settings=primaryHoverType=2,availableHoverTypes=2,primaryPointerType=4,availablePointerTypes=4 --no-sandbox --no-sandbox --disable-setuid-sandbox --font-render-hinting=none --disable-font-subpixel-positioning --user-data-dir=/tmp/playwright_chromiumdev_profile-cBu8sZ --remote-debugging-pipe --no-startup-window
  - <launched> pid=1493
  - [pid=1493][err] [0901/085043.314196:ERROR:dbus/bus.cc:408] Failed to connect to the bus: Failed to connect to socket /run/dbus/system_bus_socket: No such file or directory
  - [pid=1493][err] [0901/085043.316571:ERROR:dbus/bus.cc:408] Failed to connect to the bus: Failed to connect to socket /run/dbus/system_bus_socket: No such file or directory
  - [pid=1493][err] [0901/085043.316652:ERROR:dbus/bus.cc:408] Failed to connect to the bus: Failed to connect to socket /run/dbus/system_bus_socket: No such file or directory
  - [pid=1493] <gracefully close start>
  - [pid=1493] <kill>
  - [pid=1493] <will force kill>
  - [pid=1493] <process did exit: exitCode=null, signal=SIGSEGV>
  - [pid=1493] starting temporary directories cleanup
  - [pid=1493] finished temporary directories cleanup
  - [pid=1493] <gracefully close end>

2025-09-01 08:50:43,650 - main - ERROR - [INTERNAL_ERROR] Internal server error | CID: 007690ab182a4fb9a5b7bcdee833fc4a | Path: http://100.64.143.61:8000/render | Status: 500 | Detail: Internal server error
2025-09-01 15:34:20,909 - main - ERROR - [PLAYWRIGHT_ERROR] Playwright conversion failed: BrowserType.launch: Target page, context or browser has been closed
Browser logs:

<launching> /ms-playwright/chromium_headless_shell-1187/chrome-linux/headless_shell --disable-field-trial-config --disable-background-networking --disable-background-timer-throttling --disable-backgrounding-occluded-windows --disable-back-forward-cache --disable-breakpad --disable-client-side-phishing-detection --disable-component-extensions-with-background-pages --disable-component-update --no-default-browser-check --disable-default-apps --disable-dev-shm-usage --disable-extensions --disable-features=AcceptCHFrame,AvoidUnnecessaryBeforeUnloadCheckSync,DestroyProfileOnBrowserClose,DialMediaRouteProvider,GlobalMediaControls,HttpsUpgrades,LensOverlay,MediaRouter,PaintHolding,ThirdPartyStoragePartitioning,Translate,AutoDeElevate --allow-pre-commit-input --disable-hang-monitor --disable-ipc-flooding-protection --disable-popup-blocking --disable-prompt-on-repost --disable-renderer-backgrounding --force-color-profile=srgb --metrics-recording-only --no-first-run --password-store=basic --use-mock-keychain --no-service-autorun --export-tagged-pdf --disable-search-engine-choice-screen --unsafely-disable-devtools-self-xss-warnings --edge-skip-compat-layer-relaunch --enable-automation --headless --hide-scrollbars --mute-audio --blink-settings=primaryHoverType=2,availableHoverTypes=2,primaryPointerType=4,availablePointerTypes=4 --no-sandbox --no-sandbox --disable-setuid-sandbox --font-render-hinting=none --disable-font-subpixel-positioning --disable-dbus --disable-features=VizDisplayCompositor --user-data-dir=/tmp/playwright_chromiumdev_profile-2DkNHg --remote-debugging-pipe --no-startup-window
<launched> pid=11714
[pid=11714][err] [0901/153420.654321:ERROR:dbus/bus.cc:408] Failed to connect to the bus: Failed to connect to socket /run/dbus/system_bus_socket: No such file or directory
[pid=11714][err] [0901/153420.656797:ERROR:dbus/bus.cc:408] Failed to connect to the bus: Failed to connect to socket /run/dbus/system_bus_socket: No such file or directory
Call log:
  - <launching> /ms-playwright/chromium_headless_shell-1187/chrome-linux/headless_shell --disable-field-trial-config --disable-background-networking --disable-background-timer-throttling --disable-backgrounding-occluded-windows --disable-back-forward-cache --disable-breakpad --disable-client-side-phishing-detection --disable-component-extensions-with-background-pages --disable-component-update --no-default-browser-check --disable-default-apps --disable-dev-shm-usage --disable-extensions --disable-features=AcceptCHFrame,AvoidUnnecessaryBeforeUnloadCheckSync,DestroyProfileOnBrowserClose,DialMediaRouteProvider,GlobalMediaControls,HttpsUpgrades,LensOverlay,MediaRouter,PaintHolding,ThirdPartyStoragePartitioning,Translate,AutoDeElevate --allow-pre-commit-input --disable-hang-monitor --disable-ipc-flooding-protection --disable-popup-blocking --disable-prompt-on-repost --disable-renderer-backgrounding --force-color-profile=srgb --metrics-recording-only --no-first-run --password-store=basic --use-mock-keychain --no-service-autorun --export-tagged-pdf --disable-search-engine-choice-screen --unsafely-disable-devtools-self-xss-warnings --edge-skip-compat-layer-relaunch --enable-automation --headless --hide-scrollbars --mute-audio --blink-settings=primaryHoverType=2,availableHoverTypes=2,primaryPointerType=4,availablePointerTypes=4 --no-sandbox --no-sandbox --disable-setuid-sandbox --font-render-hinting=none --disable-font-subpixel-positioning --disable-dbus --disable-features=VizDisplayCompositor --user-data-dir=/tmp/playwright_chromiumdev_profile-2DkNHg --remote-debugging-pipe --no-startup-window
  - <launched> pid=11714
  - [pid=11714][err] [0901/153420.654321:ERROR:dbus/bus.cc:408] Failed to connect to the bus: Failed to connect to socket /run/dbus/system_bus_socket: No such file or directory
  - [pid=11714][err] [0901/153420.656797:ERROR:dbus/bus.cc:408] Failed to connect to the bus: Failed to connect to socket /run/dbus/system_bus_socket: No such file or directory
  - [pid=11714] <gracefully close start>
  - [pid=11714] <kill>
  - [pid=11714] <will force kill>
  - [pid=11714] <process did exit: exitCode=null, signal=SIGSEGV>
  - [pid=11714] starting temporary directories cleanup
  - [pid=11714] finished temporary directories cleanup
  - [pid=11714] <gracefully close end>
 | Error type: TargetClosedError | HTML content length: 12200985 | Browser args: --no-sandbox,--disable-setuid-sandbox,--font-render-hinting=none,--disable-font-subpixel-positioning
Traceback (most recent call last):
  File "/app/main.py", line 681, in convert_with_playwright
    browser = await p.chromium.launch(
  File "/usr/local/lib/python3.10/dist-packages/playwright/async_api/_generated.py", line 14465, in launch
    await self._impl_obj.launch(
  File "/usr/local/lib/python3.10/dist-packages/playwright/_impl/_browser_type.py", line 98, in launch
    await self._channel.send(
  File "/usr/local/lib/python3.10/dist-packages/playwright/_impl/_connection.py", line 69, in send
    return await self._connection.wrap_api_call(
  File "/usr/local/lib/python3.10/dist-packages/playwright/_impl/_connection.py", line 558, in wrap_api_call
    raise rewrite_error(error, f"{parsed_st['apiName']}: {error}") from None
playwright._impl._errors.TargetClosedError: BrowserType.launch: Target page, context or browser has been closed
Browser logs:

<launching> /ms-playwright/chromium_headless_shell-1187/chrome-linux/headless_shell --disable-field-trial-config --disable-background-networking --disable-background-timer-throttling --disable-backgrounding-occluded-windows --disable-back-forward-cache --disable-breakpad --disable-client-side-phishing-detection --disable-component-extensions-with-background-pages --disable-component-update --no-default-browser-check --disable-default-apps --disable-dev-shm-usage --disable-extensions --disable-features=AcceptCHFrame,AvoidUnnecessaryBeforeUnloadCheckSync,DestroyProfileOnBrowserClose,DialMediaRouteProvider,GlobalMediaControls,HttpsUpgrades,LensOverlay,MediaRouter,PaintHolding,ThirdPartyStoragePartitioning,Translate,AutoDeElevate --allow-pre-commit-input --disable-hang-monitor --disable-ipc-flooding-protection --disable-popup-blocking --disable-prompt-on-repost --disable-renderer-backgrounding --force-color-profile=srgb --metrics-recording-only --no-first-run --password-store=basic --use-mock-keychain --no-service-autorun --export-tagged-pdf --disable-search-engine-choice-screen --unsafely-disable-devtools-self-xss-warnings --edge-skip-compat-layer-relaunch --enable-automation --headless --hide-scrollbars --mute-audio --blink-settings=primaryHoverType=2,availableHoverTypes=2,primaryPointerType=4,availablePointerTypes=4 --no-sandbox --no-sandbox --disable-setuid-sandbox --font-render-hinting=none --disable-font-subpixel-positioning --disable-dbus --disable-features=VizDisplayCompositor --user-data-dir=/tmp/playwright_chromiumdev_profile-2DkNHg --remote-debugging-pipe --no-startup-window
<launched> pid=11714
[pid=11714][err] [0901/153420.654321:ERROR:dbus/bus.cc:408] Failed to connect to the bus: Failed to connect to socket /run/dbus/system_bus_socket: No such file or directory
[pid=11714][err] [0901/153420.656797:ERROR:dbus/bus.cc:408] Failed to connect to the bus: Failed to connect to socket /run/dbus/system_bus_socket: No such file or directory
Call log:
  - <launching> /ms-playwright/chromium_headless_shell-1187/chrome-linux/headless_shell --disable-field-trial-config --disable-background-networking --disable-background-timer-throttling --disable-backgrounding-occluded-windows --disable-back-forward-cache --disable-breakpad --disable-client-side-phishing-detection --disable-component-extensions-with-background-pages --disable-component-update --no-default-browser-check --disable-default-apps --disable-dev-shm-usage --disable-extensions --disable-features=AcceptCHFrame,AvoidUnnecessaryBeforeUnloadCheckSync,DestroyProfileOnBrowserClose,DialMediaRouteProvider,GlobalMediaControls,HttpsUpgrades,LensOverlay,MediaRouter,PaintHolding,ThirdPartyStoragePartitioning,Translate,AutoDeElevate --allow-pre-commit-input --disable-hang-monitor --disable-ipc-flooding-protection --disable-popup-blocking --disable-prompt-on-repost --disable-renderer-backgrounding --force-color-profile=srgb --metrics-recording-only --no-first-run --password-store=basic --use-mock-keychain --no-service-autorun --export-tagged-pdf --disable-search-engine-choice-screen --unsafely-disable-devtools-self-xss-warnings --edge-skip-compat-layer-relaunch --enable-automation --headless --hide-scrollbars --mute-audio --blink-settings=primaryHoverType=2,availableHoverTypes=2,primaryPointerType=4,availablePointerTypes=4 --no-sandbox --no-sandbox --disable-setuid-sandbox --font-render-hinting=none --disable-font-subpixel-positioning --disable-dbus --disable-features=VizDisplayCompositor --user-data-dir=/tmp/playwright_chromiumdev_profile-2DkNHg --remote-debugging-pipe --no-startup-window
  - <launched> pid=11714
  - [pid=11714][err] [0901/153420.654321:ERROR:dbus/bus.cc:408] Failed to connect to the bus: Failed to connect to socket /run/dbus/system_bus_socket: No such file or directory
  - [pid=11714][err] [0901/153420.656797:ERROR:dbus/bus.cc:408] Failed to connect to the bus: Failed to connect to socket /run/dbus/system_bus_socket: No such file or directory
  - [pid=11714] <gracefully close start>
  - [pid=11714] <kill>
  - [pid=11714] <will force kill>
  - [pid=11714] <process did exit: exitCode=null, signal=SIGSEGV>
  - [pid=11714] starting temporary directories cleanup
  - [pid=11714] finished temporary directories cleanup
  - [pid=11714] <gracefully close end>

2025-09-01 15:34:20,910 - main - ERROR - [RENDER_ERROR] Rendering failed: BrowserType.launch: Target page, context or browser has been closed
Browser logs:

<launching> /ms-playwright/chromium_headless_shell-1187/chrome-linux/headless_shell --disable-field-trial-config --disable-background-networking --disable-background-timer-throttling --disable-backgrounding-occluded-windows --disable-back-forward-cache --disable-breakpad --disable-client-side-phishing-detection --disable-component-extensions-with-background-pages --disable-component-update --no-default-browser-check --disable-default-apps --disable-dev-shm-usage --disable-extensions --disable-features=AcceptCHFrame,AvoidUnnecessaryBeforeUnloadCheckSync,DestroyProfileOnBrowserClose,DialMediaRouteProvider,GlobalMediaControls,HttpsUpgrades,LensOverlay,MediaRouter,PaintHolding,ThirdPartyStoragePartitioning,Translate,AutoDeElevate --allow-pre-commit-input --disable-hang-monitor --disable-ipc-flooding-protection --disable-popup-blocking --disable-prompt-on-repost --disable-renderer-backgrounding --force-color-profile=srgb --metrics-recording-only --no-first-run --password-store=basic --use-mock-keychain --no-service-autorun --export-tagged-pdf --disable-search-engine-choice-screen --unsafely-disable-devtools-self-xss-warnings --edge-skip-compat-layer-relaunch --enable-automation --headless --hide-scrollbars --mute-audio --blink-settings=primaryHoverType=2,availableHoverTypes=2,primaryPointerType=4,availablePointerTypes=4 --no-sandbox --no-sandbox --disable-setuid-sandbox --font-render-hinting=none --disable-font-subpixel-positioning --disable-dbus --disable-features=VizDisplayCompositor --user-data-dir=/tmp/playwright_chromiumdev_profile-2DkNHg --remote-debugging-pipe --no-startup-window
<launched> pid=11714
[pid=11714][err] [0901/153420.654321:ERROR:dbus/bus.cc:408] Failed to connect to the bus: Failed to connect to socket /run/dbus/system_bus_socket: No such file or directory
[pid=11714][err] [0901/153420.656797:ERROR:dbus/bus.cc:408] Failed to connect to the bus: Failed to connect to socket /run/dbus/system_bus_socket: No such file or directory
Call log:
  - <launching> /ms-playwright/chromium_headless_shell-1187/chrome-linux/headless_shell --disable-field-trial-config --disable-background-networking --disable-background-timer-throttling --disable-backgrounding-occluded-windows --disable-back-forward-cache --disable-breakpad --disable-client-side-phishing-detection --disable-component-extensions-with-background-pages --disable-component-update --no-default-browser-check --disable-default-apps --disable-dev-shm-usage --disable-extensions --disable-features=AcceptCHFrame,AvoidUnnecessaryBeforeUnloadCheckSync,DestroyProfileOnBrowserClose,DialMediaRouteProvider,GlobalMediaControls,HttpsUpgrades,LensOverlay,MediaRouter,PaintHolding,ThirdPartyStoragePartitioning,Translate,AutoDeElevate --allow-pre-commit-input --disable-hang-monitor --disable-ipc-flooding-protection --disable-popup-blocking --disable-prompt-on-repost --disable-renderer-backgrounding --force-color-profile=srgb --metrics-recording-only --no-first-run --password-store=basic --use-mock-keychain --no-service-autorun --export-tagged-pdf --disable-search-engine-choice-screen --unsafely-disable-devtools-self-xss-warnings --edge-skip-compat-layer-relaunch --enable-automation --headless --hide-scrollbars --mute-audio --blink-settings=primaryHoverType=2,availableHoverTypes=2,primaryPointerType=4,availablePointerTypes=4 --no-sandbox --no-sandbox --disable-setuid-sandbox --font-render-hinting=none --disable-font-subpixel-positioning --disable-dbus --disable-features=VizDisplayCompositor --user-data-dir=/tmp/playwright_chromiumdev_profile-2DkNHg --remote-debugging-pipe --no-startup-window
  - <launched> pid=11714
  - [pid=11714][err] [0901/153420.654321:ERROR:dbus/bus.cc:408] Failed to connect to the bus: Failed to connect to socket /run/dbus/system_bus_socket: No such file or directory
  - [pid=11714][err] [0901/153420.656797:ERROR:dbus/bus.cc:408] Failed to connect to the bus: Failed to connect to socket /run/dbus/system_bus_socket: No such file or directory
  - [pid=11714] <gracefully close start>
  - [pid=11714] <kill>
  - [pid=11714] <will force kill>
  - [pid=11714] <process did exit: exitCode=null, signal=SIGSEGV>
  - [pid=11714] starting temporary directories cleanup
  - [pid=11714] finished temporary directories cleanup
  - [pid=11714] <gracefully close end>
 | Error type: TargetClosedError | Request data - text_length: 41, font: None, font_size: 24, line_height: 1.6, letter_spacing: 0.0, padding: 12, use_tategaki_js: False, max_chars_per_line: 14 | Font path: None
Traceback (most recent call last):
  File "/app/main.py", line 809, in render_vertical_text
    ) = await converter.convert_with_playwright(html_content)
  File "/app/main.py", line 681, in convert_with_playwright
    browser = await p.chromium.launch(
  File "/usr/local/lib/python3.10/dist-packages/playwright/async_api/_generated.py", line 14465, in launch
    await self._impl_obj.launch(
  File "/usr/local/lib/python3.10/dist-packages/playwright/_impl/_browser_type.py", line 98, in launch
    await self._channel.send(
  File "/usr/local/lib/python3.10/dist-packages/playwright/_impl/_connection.py", line 69, in send
    return await self._connection.wrap_api_call(
  File "/usr/local/lib/python3.10/dist-packages/playwright/_impl/_connection.py", line 558, in wrap_api_call
    raise rewrite_error(error, f"{parsed_st['apiName']}: {error}") from None
playwright._impl._errors.TargetClosedError: BrowserType.launch: Target page, context or browser has been closed
Browser logs:

<launching> /ms-playwright/chromium_headless_shell-1187/chrome-linux/headless_shell --disable-field-trial-config --disable-background-networking --disable-background-timer-throttling --disable-backgrounding-occluded-windows --disable-back-forward-cache --disable-breakpad --disable-client-side-phishing-detection --disable-component-extensions-with-background-pages --disable-component-update --no-default-browser-check --disable-default-apps --disable-dev-shm-usage --disable-extensions --disable-features=AcceptCHFrame,AvoidUnnecessaryBeforeUnloadCheckSync,DestroyProfileOnBrowserClose,DialMediaRouteProvider,GlobalMediaControls,HttpsUpgrades,LensOverlay,MediaRouter,PaintHolding,ThirdPartyStoragePartitioning,Translate,AutoDeElevate --allow-pre-commit-input --disable-hang-monitor --disable-ipc-flooding-protection --disable-popup-blocking --disable-prompt-on-repost --disable-renderer-backgrounding --force-color-profile=srgb --metrics-recording-only --no-first-run --password-store=basic --use-mock-keychain --no-service-autorun --export-tagged-pdf --disable-search-engine-choice-screen --unsafely-disable-devtools-self-xss-warnings --edge-skip-compat-layer-relaunch --enable-automation --headless --hide-scrollbars --mute-audio --blink-settings=primaryHoverType=2,availableHoverTypes=2,primaryPointerType=4,availablePointerTypes=4 --no-sandbox --no-sandbox --disable-setuid-sandbox --font-render-hinting=none --disable-font-subpixel-positioning --disable-dbus --disable-features=VizDisplayCompositor --user-data-dir=/tmp/playwright_chromiumdev_profile-2DkNHg --remote-debugging-pipe --no-startup-window
<launched> pid=11714
[pid=11714][err] [0901/153420.654321:ERROR:dbus/bus.cc:408] Failed to connect to the bus: Failed to connect to socket /run/dbus/system_bus_socket: No such file or directory
[pid=11714][err] [0901/153420.656797:ERROR:dbus/bus.cc:408] Failed to connect to the bus: Failed to connect to socket /run/dbus/system_bus_socket: No such file or directory
Call log:
  - <launching> /ms-playwright/chromium_headless_shell-1187/chrome-linux/headless_shell --disable-field-trial-config --disable-background-networking --disable-background-timer-throttling --disable-backgrounding-occluded-windows --disable-back-forward-cache --disable-breakpad --disable-client-side-phishing-detection --disable-component-extensions-with-background-pages --disable-component-update --no-default-browser-check --disable-default-apps --disable-dev-shm-usage --disable-extensions --disable-features=AcceptCHFrame,AvoidUnnecessaryBeforeUnloadCheckSync,DestroyProfileOnBrowserClose,DialMediaRouteProvider,GlobalMediaControls,HttpsUpgrades,LensOverlay,MediaRouter,PaintHolding,ThirdPartyStoragePartitioning,Translate,AutoDeElevate --allow-pre-commit-input --disable-hang-monitor --disable-ipc-flooding-protection --disable-popup-blocking --disable-prompt-on-repost --disable-renderer-backgrounding --force-color-profile=srgb --metrics-recording-only --no-first-run --password-store=basic --use-mock-keychain --no-service-autorun --export-tagged-pdf --disable-search-engine-choice-screen --unsafely-disable-devtools-self-xss-warnings --edge-skip-compat-layer-relaunch --enable-automation --headless --hide-scrollbars --mute-audio --blink-settings=primaryHoverType=2,availableHoverTypes=2,primaryPointerType=4,availablePointerTypes=4 --no-sandbox --no-sandbox --disable-setuid-sandbox --font-render-hinting=none --disable-font-subpixel-positioning --disable-dbus --disable-features=VizDisplayCompositor --user-data-dir=/tmp/playwright_chromiumdev_profile-2DkNHg --remote-debugging-pipe --no-startup-window
  - <launched> pid=11714
  - [pid=11714][err] [0901/153420.654321:ERROR:dbus/bus.cc:408] Failed to connect to the bus: Failed to connect to socket /run/dbus/system_bus_socket: No such file or directory
  - [pid=11714][err] [0901/153420.656797:ERROR:dbus/bus.cc:408] Failed to connect to the bus: Failed to connect to socket /run/dbus/system_bus_socket: No such file or directory
  - [pid=11714] <gracefully close start>
  - [pid=11714] <kill>
  - [pid=11714] <will force kill>
  - [pid=11714] <process did exit: exitCode=null, signal=SIGSEGV>
  - [pid=11714] starting temporary directories cleanup
  - [pid=11714] finished temporary directories cleanup
  - [pid=11714] <gracefully close end>

2025-09-01 15:34:20,911 - main - ERROR - [INTERNAL_ERROR] Internal server error | CID: 4252a492bb0a4ccebf494f903f24e7f6 | Path: http://100.64.143.61:8000/render | Status: 500 | Detail: Internal server error
2025-09-01 16:00:14,156 - main - ERROR - [NOT_FOUND] Not Found | CID: 3daf152ebaec4ceea27092f0456ef740 | Path: http://100.64.143.61:8000/favicon.ico | Status: 404 | Detail: Not Found
